mode: atomic
github.com/kdimtriCP/gh-inspector/main.go:5.13,7.2 1 0
github.com/kdimtriCP/gh-inspector/internal/mock/mock_formatter/mock_formatter.go:27.63,31.2 3 0
github.com/kdimtriCP/gh-inspector/internal/mock/mock_formatter/mock_formatter.go:34.61,36.2 1 0
github.com/kdimtriCP/gh-inspector/internal/mock/mock_formatter/mock_formatter.go:39.87,44.2 4 0
github.com/kdimtriCP/gh-inspector/internal/mock/mock_formatter/mock_formatter.go:47.87,50.2 2 0
github.com/kdimtriCP/gh-inspector/internal/mock/mock_cache/mock_types.go:26.55,30.2 3 0
github.com/kdimtriCP/gh-inspector/internal/mock/mock_cache/mock_types.go:33.53,35.2 1 0
github.com/kdimtriCP/gh-inspector/internal/mock/mock_cache/mock_types.go:38.35,43.2 4 0
github.com/kdimtriCP/gh-inspector/internal/mock/mock_cache/mock_types.go:46.55,49.2 2 0
github.com/kdimtriCP/gh-inspector/internal/mock/mock_cache/mock_types.go:52.35,57.2 4 0
github.com/kdimtriCP/gh-inspector/internal/mock/mock_cache/mock_types.go:60.55,63.2 2 0
github.com/kdimtriCP/gh-inspector/internal/mock/mock_cache/mock_types.go:66.46,71.2 4 0
github.com/kdimtriCP/gh-inspector/internal/mock/mock_cache/mock_types.go:74.71,77.2 2 0
github.com/kdimtriCP/gh-inspector/internal/mock/mock_cache/mock_types.go:80.59,87.2 6 0
github.com/kdimtriCP/gh-inspector/internal/mock/mock_cache/mock_types.go:90.68,93.2 2 0
github.com/kdimtriCP/gh-inspector/internal/mock/mock_cache/mock_types.go:96.76,101.2 4 0
github.com/kdimtriCP/gh-inspector/internal/mock/mock_cache/mock_types.go:104.80,107.2 2 0
github.com/kdimtriCP/gh-inspector/internal/mock/mock_scoring/mock_scorer.go:26.79,30.2 3 0
github.com/kdimtriCP/gh-inspector/internal/mock/mock_scoring/mock_scorer.go:33.77,35.2 1 0
github.com/kdimtriCP/gh-inspector/internal/mock/mock_scoring/mock_scorer.go:38.48,43.2 4 0
github.com/kdimtriCP/gh-inspector/internal/mock/mock_scoring/mock_scorer.go:46.70,49.2 2 0
github.com/kdimtriCP/gh-inspector/internal/mock/mock_scoring/mock_scorer.go:52.51,57.2 4 0
github.com/kdimtriCP/gh-inspector/internal/mock/mock_scoring/mock_scorer.go:60.72,63.2 2 0
github.com/kdimtriCP/gh-inspector/internal/mock/mock_scoring/mock_scorer.go:66.59,71.2 4 0
github.com/kdimtriCP/gh-inspector/internal/mock/mock_scoring/mock_scorer.go:74.80,77.2 2 0
github.com/kdimtriCP/gh-inspector/internal/mock/mock_scoring/mock_scorer.go:80.54,85.2 4 0
github.com/kdimtriCP/gh-inspector/internal/mock/mock_scoring/mock_scorer.go:88.75,91.2 2 0
github.com/kdimtriCP/gh-inspector/internal/mock/mock_scoring/mock_scorer.go:94.54,99.2 4 0
github.com/kdimtriCP/gh-inspector/internal/mock/mock_scoring/mock_scorer.go:102.75,105.2 2 0
github.com/kdimtriCP/gh-inspector/internal/mock/mock_scoring/mock_scorer.go:108.63,113.2 4 0
github.com/kdimtriCP/gh-inspector/internal/mock/mock_scoring/mock_scorer.go:116.79,119.2 2 0
github.com/kdimtriCP/gh-inspector/internal/mock/mock_scoring/mock_scorer.go:122.53,127.2 4 0
github.com/kdimtriCP/gh-inspector/internal/mock/mock_scoring/mock_scorer.go:130.75,133.2 2 0
github.com/kdimtriCP/gh-inspector/internal/mock/mock_scoring/mock_scorer.go:136.50,141.2 4 0
github.com/kdimtriCP/gh-inspector/internal/mock/mock_scoring/mock_scorer.go:144.72,147.2 2 0
github.com/kdimtriCP/gh-inspector/internal/mock/mock_scoring/mock_scorer.go:150.48,155.2 4 0
github.com/kdimtriCP/gh-inspector/internal/mock/mock_scoring/mock_scorer.go:158.70,161.2 2 0
github.com/kdimtriCP/gh-inspector/internal/mock/mock_github/mock_interfaces.go:27.77,31.2 3 0
github.com/kdimtriCP/gh-inspector/internal/mock/mock_github/mock_interfaces.go:34.75,36.2 1 0
github.com/kdimtriCP/gh-inspector/internal/mock/mock_github/mock_interfaces.go:39.123,45.2 5 0
github.com/kdimtriCP/gh-inspector/internal/mock/mock_github/mock_interfaces.go:48.109,51.2 2 0
github.com/kdimtriCP/gh-inspector/internal/mock/mock_github/mock_interfaces.go:65.61,69.2 3 0
github.com/kdimtriCP/gh-inspector/internal/mock/mock_github/mock_interfaces.go:72.59,74.2 1 0
github.com/kdimtriCP/gh-inspector/internal/mock/mock_github/mock_interfaces.go:77.95,83.2 5 0
github.com/kdimtriCP/gh-inspector/internal/mock/mock_github/mock_interfaces.go:86.81,89.2 2 0
github.com/kdimtriCP/gh-inspector/internal/testutil/testutil.go:9.44,35.16 6 0
github.com/kdimtriCP/gh-inspector/internal/testutil/testutil.go:35.16,37.3 1 0
github.com/kdimtriCP/gh-inspector/internal/testutil/testutil.go:39.2,39.19 1 0
github.com/kdimtriCP/gh-inspector/internal/testutil/testutil.go:42.46,47.16 4 0
github.com/kdimtriCP/gh-inspector/internal/testutil/testutil.go:47.16,49.3 1 0
github.com/kdimtriCP/gh-inspector/internal/testutil/testutil.go:51.2,51.19 1 0
github.com/kdimtriCP/gh-inspector/internal/testutil/testutil.go:51.19,53.3 1 0
github.com/kdimtriCP/gh-inspector/internal/scoring/config.go:18.30,31.2 1 5
github.com/kdimtriCP/gh-inspector/internal/scoring/scorer.go:26.40,27.19 1 6
github.com/kdimtriCP/gh-inspector/internal/scoring/scorer.go:27.19,29.3 1 1
github.com/kdimtriCP/gh-inspector/internal/scoring/scorer.go:30.2,30.32 1 6
github.com/kdimtriCP/gh-inspector/internal/scoring/scorer.go:33.59,34.29 1 4
github.com/kdimtriCP/gh-inspector/internal/scoring/scorer.go:34.29,36.3 1 1
github.com/kdimtriCP/gh-inspector/internal/scoring/scorer.go:38.2,56.29 13 3
github.com/kdimtriCP/gh-inspector/internal/scoring/scorer.go:56.29,58.3 1 2
github.com/kdimtriCP/gh-inspector/internal/scoring/scorer.go:59.2,59.26 1 3
github.com/kdimtriCP/gh-inspector/internal/scoring/scorer.go:59.26,61.3 1 2
github.com/kdimtriCP/gh-inspector/internal/scoring/scorer.go:62.2,62.34 1 3
github.com/kdimtriCP/gh-inspector/internal/scoring/scorer.go:62.34,64.3 1 1
github.com/kdimtriCP/gh-inspector/internal/scoring/scorer.go:67.2,67.33 1 3
github.com/kdimtriCP/gh-inspector/internal/scoring/scorer.go:70.75,71.29 1 11
github.com/kdimtriCP/gh-inspector/internal/scoring/scorer.go:71.29,73.3 1 1
github.com/kdimtriCP/gh-inspector/internal/scoring/scorer.go:75.2,77.9 2 10
github.com/kdimtriCP/gh-inspector/internal/scoring/scorer.go:78.28,79.13 1 3
github.com/kdimtriCP/gh-inspector/internal/scoring/scorer.go:80.29,81.13 1 1
github.com/kdimtriCP/gh-inspector/internal/scoring/scorer.go:82.29,83.13 1 2
github.com/kdimtriCP/gh-inspector/internal/scoring/scorer.go:84.30,85.13 1 1
github.com/kdimtriCP/gh-inspector/internal/scoring/scorer.go:86.30,87.13 1 1
github.com/kdimtriCP/gh-inspector/internal/scoring/scorer.go:88.10,89.13 1 2
github.com/kdimtriCP/gh-inspector/internal/scoring/scorer.go:93.63,94.9 1 10
github.com/kdimtriCP/gh-inspector/internal/scoring/scorer.go:95.23,96.13 1 2
github.com/kdimtriCP/gh-inspector/internal/scoring/scorer.go:97.23,98.13 1 1
github.com/kdimtriCP/gh-inspector/internal/scoring/scorer.go:99.24,100.13 1 2
github.com/kdimtriCP/gh-inspector/internal/scoring/scorer.go:101.24,102.13 1 1
github.com/kdimtriCP/gh-inspector/internal/scoring/scorer.go:103.24,104.13 1 2
github.com/kdimtriCP/gh-inspector/internal/scoring/scorer.go:105.25,106.13 1 1
github.com/kdimtriCP/gh-inspector/internal/scoring/scorer.go:107.10,108.13 1 1
github.com/kdimtriCP/gh-inspector/internal/scoring/scorer.go:112.57,113.9 1 9
github.com/kdimtriCP/gh-inspector/internal/scoring/scorer.go:114.20,115.13 1 2
github.com/kdimtriCP/gh-inspector/internal/scoring/scorer.go:116.20,117.13 1 1
github.com/kdimtriCP/gh-inspector/internal/scoring/scorer.go:118.20,119.13 1 2
github.com/kdimtriCP/gh-inspector/internal/scoring/scorer.go:120.21,121.13 1 1
github.com/kdimtriCP/gh-inspector/internal/scoring/scorer.go:122.21,123.13 1 2
github.com/kdimtriCP/gh-inspector/internal/scoring/scorer.go:124.10,125.13 1 1
github.com/kdimtriCP/gh-inspector/internal/cache/cache.go:11.42,12.20 1 2
github.com/kdimtriCP/gh-inspector/internal/cache/cache.go:12.20,14.3 1 1
github.com/kdimtriCP/gh-inspector/internal/cache/cache.go:16.2,16.52 1 2
github.com/kdimtriCP/gh-inspector/internal/cache/cache.go:16.52,18.3 1 0
github.com/kdimtriCP/gh-inspector/internal/cache/cache.go:20.2,21.31 2 2
github.com/kdimtriCP/gh-inspector/internal/cache/cache.go:24.42,26.29 2 6
github.com/kdimtriCP/gh-inspector/internal/cache/cache.go:26.29,28.3 1 6
github.com/kdimtriCP/gh-inspector/internal/cache/cache.go:29.2,29.39 1 6
github.com/kdimtriCP/gh-inspector/internal/cache/sqlite.go:16.58,17.18 1 3
github.com/kdimtriCP/gh-inspector/internal/cache/sqlite.go:17.18,19.3 1 0
github.com/kdimtriCP/gh-inspector/internal/cache/sqlite.go:21.2,22.16 2 3
github.com/kdimtriCP/gh-inspector/internal/cache/sqlite.go:22.16,24.3 1 0
github.com/kdimtriCP/gh-inspector/internal/cache/sqlite.go:26.2,27.44 2 3
github.com/kdimtriCP/gh-inspector/internal/cache/sqlite.go:27.44,30.3 2 0
github.com/kdimtriCP/gh-inspector/internal/cache/sqlite.go:32.2,34.19 2 3
github.com/kdimtriCP/gh-inspector/internal/cache/sqlite.go:37.43,49.2 3 3
github.com/kdimtriCP/gh-inspector/internal/cache/sqlite.go:51.61,57.26 5 6
github.com/kdimtriCP/gh-inspector/internal/cache/sqlite.go:57.26,59.3 1 5
github.com/kdimtriCP/gh-inspector/internal/cache/sqlite.go:60.2,60.16 1 1
github.com/kdimtriCP/gh-inspector/internal/cache/sqlite.go:60.16,62.3 1 0
github.com/kdimtriCP/gh-inspector/internal/cache/sqlite.go:64.2,64.35 1 1
github.com/kdimtriCP/gh-inspector/internal/cache/sqlite.go:64.35,67.3 2 0
github.com/kdimtriCP/gh-inspector/internal/cache/sqlite.go:69.2,69.25 1 1
github.com/kdimtriCP/gh-inspector/internal/cache/sqlite.go:72.78,81.16 5 5
github.com/kdimtriCP/gh-inspector/internal/cache/sqlite.go:81.16,83.3 1 0
github.com/kdimtriCP/gh-inspector/internal/cache/sqlite.go:85.2,85.12 1 5
github.com/kdimtriCP/gh-inspector/internal/cache/sqlite.go:88.48,91.16 3 1
github.com/kdimtriCP/gh-inspector/internal/cache/sqlite.go:91.16,93.3 1 0
github.com/kdimtriCP/gh-inspector/internal/cache/sqlite.go:94.2,94.12 1 1
github.com/kdimtriCP/gh-inspector/internal/cache/sqlite.go:97.37,100.16 3 1
github.com/kdimtriCP/gh-inspector/internal/cache/sqlite.go:100.16,102.3 1 0
github.com/kdimtriCP/gh-inspector/internal/cache/sqlite.go:103.2,103.12 1 1
github.com/kdimtriCP/gh-inspector/internal/cache/sqlite.go:106.37,108.2 1 3
github.com/kdimtriCP/gh-inspector/internal/cache/sqlite.go:110.40,114.21 3 3
github.com/kdimtriCP/gh-inspector/internal/cache/sqlite.go:114.21,117.3 2 0
github.com/kdimtriCP/gh-inspector/cmd/root.go:16.16,18.2 1 0
github.com/kdimtriCP/gh-inspector/cmd/root.go:20.13,24.2 3 1
github.com/kdimtriCP/gh-inspector/cmd/root.go:26.19,34.2 6 0
github.com/kdimtriCP/gh-inspector/cmd/score.go:28.54,29.22 1 0
github.com/kdimtriCP/gh-inspector/cmd/score.go:29.22,31.4 1 0
github.com/kdimtriCP/gh-inspector/cmd/score.go:33.3,34.18 2 0
github.com/kdimtriCP/gh-inspector/cmd/score.go:34.18,36.4 1 0
github.com/kdimtriCP/gh-inspector/cmd/score.go:38.3,44.49 5 0
github.com/kdimtriCP/gh-inspector/cmd/score.go:44.49,47.18 3 0
github.com/kdimtriCP/gh-inspector/cmd/score.go:47.18,49.5 1 0
github.com/kdimtriCP/gh-inspector/cmd/score.go:49.10,54.21 4 0
github.com/kdimtriCP/gh-inspector/cmd/score.go:54.21,57.6 2 0
github.com/kdimtriCP/gh-inspector/cmd/score.go:61.3,63.30 2 0
github.com/kdimtriCP/gh-inspector/cmd/score.go:63.30,65.18 2 0
github.com/kdimtriCP/gh-inspector/cmd/score.go:65.18,67.13 2 0
github.com/kdimtriCP/gh-inspector/cmd/score.go:69.4,69.44 1 0
github.com/kdimtriCP/gh-inspector/cmd/score.go:72.3,72.27 1 0
github.com/kdimtriCP/gh-inspector/cmd/score.go:72.27,74.4 1 0
github.com/kdimtriCP/gh-inspector/cmd/score.go:76.3,77.19 2 0
github.com/kdimtriCP/gh-inspector/cmd/score.go:77.19,79.4 1 0
github.com/kdimtriCP/gh-inspector/cmd/score.go:80.3,80.19 1 0
github.com/kdimtriCP/gh-inspector/cmd/score.go:80.19,82.4 1 0
github.com/kdimtriCP/gh-inspector/cmd/score.go:84.3,85.17 2 0
github.com/kdimtriCP/gh-inspector/cmd/score.go:85.17,87.4 1 0
github.com/kdimtriCP/gh-inspector/cmd/score.go:89.3,89.49 1 0
github.com/kdimtriCP/gh-inspector/cmd/score.go:93.13,98.2 4 1
github.com/kdimtriCP/gh-inspector/internal/github/analyzer.go:18.81,23.2 1 0
github.com/kdimtriCP/gh-inspector/internal/github/analyzer.go:25.49,27.2 1 0
github.com/kdimtriCP/gh-inspector/internal/github/analyzer.go:29.56,31.2 1 0
github.com/kdimtriCP/gh-inspector/internal/github/analyzer.go:33.96,35.16 2 0
github.com/kdimtriCP/gh-inspector/internal/github/analyzer.go:35.16,37.3 1 0
github.com/kdimtriCP/gh-inspector/internal/github/analyzer.go:39.2,41.21 2 0
github.com/kdimtriCP/gh-inspector/internal/github/client.go:18.38,28.2 3 3
github.com/kdimtriCP/gh-inspector/internal/github/client.go:30.46,32.2 1 1
github.com/kdimtriCP/gh-inspector/internal/github/client.go:34.49,36.2 1 1
github.com/kdimtriCP/gh-inspector/internal/github/metrics.go:14.109,15.20 1 0
github.com/kdimtriCP/gh-inspector/internal/github/metrics.go:15.20,17.69 2 0
github.com/kdimtriCP/gh-inspector/internal/github/metrics.go:17.69,19.56 2 0
github.com/kdimtriCP/gh-inspector/internal/github/metrics.go:19.56,21.5 1 0
github.com/kdimtriCP/gh-inspector/internal/github/metrics.go:25.2,26.21 2 0
github.com/kdimtriCP/gh-inspector/internal/github/metrics.go:26.21,28.3 1 0
github.com/kdimtriCP/gh-inspector/internal/github/metrics.go:29.2,38.16 5 0
github.com/kdimtriCP/gh-inspector/internal/github/metrics.go:38.16,40.3 1 0
github.com/kdimtriCP/gh-inspector/internal/github/metrics.go:42.2,55.33 3 0
github.com/kdimtriCP/gh-inspector/internal/github/metrics.go:55.33,57.3 1 0
github.com/kdimtriCP/gh-inspector/internal/github/metrics.go:59.2,59.96 1 0
github.com/kdimtriCP/gh-inspector/internal/github/metrics.go:59.96,61.3 1 0
github.com/kdimtriCP/gh-inspector/internal/github/metrics.go:63.2,63.49 1 0
github.com/kdimtriCP/gh-inspector/internal/github/metrics.go:63.49,69.36 2 0
github.com/kdimtriCP/gh-inspector/internal/github/metrics.go:69.36,71.4 1 0
github.com/kdimtriCP/gh-inspector/internal/github/metrics.go:72.3,72.90 1 0
github.com/kdimtriCP/gh-inspector/internal/github/metrics.go:72.90,74.4 1 0
github.com/kdimtriCP/gh-inspector/internal/github/metrics.go:77.2,77.20 1 0
github.com/kdimtriCP/gh-inspector/internal/github/metrics.go:77.20,79.52 2 0
github.com/kdimtriCP/gh-inspector/internal/github/metrics.go:79.52,81.4 1 0
github.com/kdimtriCP/gh-inspector/internal/github/metrics.go:84.2,84.20 1 0
github.com/kdimtriCP/gh-inspector/internal/formatter/csv.go:13.38,15.2 1 1
github.com/kdimtriCP/gh-inspector/internal/formatter/csv.go:17.90,22.41 4 1
github.com/kdimtriCP/gh-inspector/internal/formatter/csv.go:22.41,24.3 1 0
github.com/kdimtriCP/gh-inspector/internal/formatter/csv.go:26.2,26.32 1 1
github.com/kdimtriCP/gh-inspector/internal/formatter/csv.go:26.32,42.38 3 1
github.com/kdimtriCP/gh-inspector/internal/formatter/csv.go:42.38,44.4 1 0
github.com/kdimtriCP/gh-inspector/internal/formatter/csv.go:47.2,47.12 1 1
github.com/kdimtriCP/gh-inspector/internal/formatter/factory.go:8.44,9.33 1 6
github.com/kdimtriCP/gh-inspector/internal/formatter/factory.go:10.19,11.34 1 1
github.com/kdimtriCP/gh-inspector/internal/formatter/factory.go:12.18,13.37 1 1
github.com/kdimtriCP/gh-inspector/internal/formatter/factory.go:14.25,15.38 1 1
github.com/kdimtriCP/gh-inspector/internal/formatter/factory.go:16.17,17.32 1 1
github.com/kdimtriCP/gh-inspector/internal/formatter/factory.go:18.10,19.59 1 2
github.com/kdimtriCP/gh-inspector/internal/formatter/json.go:14.51,16.2 1 2
github.com/kdimtriCP/gh-inspector/internal/formatter/json.go:18.91,20.32 2 2
github.com/kdimtriCP/gh-inspector/internal/formatter/json.go:20.32,22.3 1 2
github.com/kdimtriCP/gh-inspector/internal/formatter/json.go:24.2,25.14 2 2
github.com/kdimtriCP/gh-inspector/internal/formatter/json.go:25.14,27.3 1 1
github.com/kdimtriCP/gh-inspector/internal/formatter/json.go:28.2,28.32 1 2
github.com/kdimtriCP/gh-inspector/internal/formatter/table.go:12.42,14.2 1 1
github.com/kdimtriCP/gh-inspector/internal/formatter/table.go:16.92,27.32 9 1
github.com/kdimtriCP/gh-inspector/internal/formatter/table.go:27.32,30.3 2 2
github.com/kdimtriCP/gh-inspector/internal/formatter/table.go:32.2,33.12 2 1
github.com/kdimtriCP/gh-inspector/internal/formatter/types.go:33.53,35.32 2 5
github.com/kdimtriCP/gh-inspector/internal/formatter/types.go:35.32,38.3 2 2
github.com/kdimtriCP/gh-inspector/internal/formatter/types.go:40.2,41.15 2 5
github.com/kdimtriCP/gh-inspector/internal/formatter/types.go:41.15,43.3 1 2
github.com/kdimtriCP/gh-inspector/internal/formatter/types.go:45.2,46.18 2 5
github.com/kdimtriCP/gh-inspector/internal/formatter/types.go:46.18,48.3 1 4
github.com/kdimtriCP/gh-inspector/internal/formatter/types.go:50.2,51.16 2 5
github.com/kdimtriCP/gh-inspector/internal/formatter/types.go:51.16,53.3 1 3
github.com/kdimtriCP/gh-inspector/internal/formatter/types.go:55.2,56.18 2 5
github.com/kdimtriCP/gh-inspector/internal/formatter/types.go:56.18,58.3 1 1
github.com/kdimtriCP/gh-inspector/internal/formatter/types.go:60.2,73.3 1 5
github.com/kdimtriCP/gh-inspector/internal/formatter/types.go:76.34,92.2 1 0
github.com/kdimtriCP/gh-inspector/internal/formatter/types.go:94.37,109.2 1 2
github.com/kdimtriCP/gh-inspector/internal/formatter/types.go:111.34,116.36 4 2
github.com/kdimtriCP/gh-inspector/internal/formatter/types.go:116.36,119.38 3 24
github.com/kdimtriCP/gh-inspector/internal/formatter/types.go:119.38,121.4 1 24
github.com/kdimtriCP/gh-inspector/internal/formatter/types.go:124.2,124.16 1 2
github.com/kdimtriCP/gh-inspector/internal/metrics/repository.go:22.52,22.70 1 1
github.com/kdimtriCP/gh-inspector/internal/metrics/repository.go:23.52,23.70 1 1
github.com/kdimtriCP/gh-inspector/internal/metrics/repository.go:24.52,24.75 1 1
github.com/kdimtriCP/gh-inspector/internal/metrics/repository.go:25.52,25.72 1 1
github.com/kdimtriCP/gh-inspector/internal/metrics/repository.go:26.52,26.79 1 1
github.com/kdimtriCP/gh-inspector/internal/metrics/repository.go:27.52,27.75 1 1
github.com/kdimtriCP/gh-inspector/internal/metrics/repository.go:28.52,28.75 1 1
github.com/kdimtriCP/gh-inspector/internal/metrics/repository.go:29.52,29.72 1 1
github.com/kdimtriCP/gh-inspector/internal/metrics/repository.go:30.52,30.80 1 1
github.com/kdimtriCP/gh-inspector/internal/metrics/repository.go:32.48,33.31 1 5
github.com/kdimtriCP/gh-inspector/internal/metrics/repository.go:33.31,35.3 1 1
github.com/kdimtriCP/gh-inspector/internal/metrics/repository.go:36.2,36.55 1 4
github.com/kdimtriCP/gh-inspector/internal/metrics/repository.go:39.40,41.2 1 4
